\BOOKMARK [1][-]{section*.2}{\376\377\000I\000n\000t\000r\000o\000d\000u\000c\000t\000i\000o\000n}{}% 1
\BOOKMARK [1][-]{section.0.1}{\376\377\000L\000e\000s\000\040\000m\000\351\000t\000h\000o\000d\000e\000s\000\040\000d\000e\000\040\000p\000r\000o\000j\000e\000c\000t\000i\000o\000n}{}% 2
\BOOKMARK [2][-]{subsection.0.1.1}{\376\377\000A\000n\000a\000l\000y\000s\000e\000\040\000e\000n\000\040\000C\000o\000m\000p\000o\000s\000a\000n\000t\000e\000s\000\040\000P\000r\000i\000n\000c\000i\000p\000a\000l\000e\000s\000\050\000A\000C\000P\000\051}{section.0.1}% 3
\BOOKMARK [2][-]{subsection.0.1.2}{\376\377\000M\000u\000l\000t\000i\000d\000i\000m\000e\000n\000s\000i\000o\000n\000a\000l\000\040\000S\000c\000a\000l\000i\000n\000g\000\040\000\050\000M\000D\000S\000\051}{section.0.1}% 4
\BOOKMARK [2][-]{subsection.0.1.3}{\376\377\000C\000l\000a\000s\000s\000N\000e\000r\000v}{section.0.1}% 5
\BOOKMARK [2][-]{subsection.0.1.4}{\376\377\000t\000-\000S\000N\000E}{section.0.1}% 6
\BOOKMARK [2][-]{subsection.0.1.5}{\376\377\000A\000u\000t\000r\000e\000s\000\040\000m\000\351\000t\000h\000o\000d\000e\000s\000\040\000d\000e\000\040\000p\000r\000o\000j\000e\000c\000t\000i\000o\000n\000\040\000n\000o\000n\000\040\000l\000i\000n\000\351\000a\000i\000r\000e\000s}{section.0.1}% 7
\BOOKMARK [2][-]{subsection.0.1.6}{\376\377\000C\000o\000n\000c\000l\000u\000s\000i\000o\000n\000\040\000d\000e\000\040\000l\000a\000\040\000p\000a\000r\000t\000i\000e}{section.0.1}% 8
\BOOKMARK [1][-]{section.0.2}{\376\377\000L\000e\000s\000\040\000c\000r\000i\000t\000\350\000r\000e\000s\000\040\000d\000'\000\351\000v\000a\000l\000u\000a\000t\000i\000o\000n\000\040\000d\000e\000s\000\040\000p\000r\000o\000j\000e\000c\000t\000i\000o\000n\000s}{}% 9
\BOOKMARK [2][-]{subsection.0.2.1}{\376\377\000V\000i\000s\000u\000a\000l\000i\000s\000a\000t\000i\000o\000n\000\040\000d\000u\000\040\000s\000t\000r\000e\000s\000s}{section.0.2}% 10
\BOOKMARK [2][-]{subsection.0.2.2}{\376\377\000L\000e\000s\000\040\000c\000r\000i\000t\000\350\000r\000e\000s\000\040\000d\000e\000\040\000m\000e\000s\000u\000r\000e}{section.0.2}% 11
\BOOKMARK [2][-]{subsection.0.2.3}{\376\377\000C\000o\000n\000c\000l\000u\000s\000i\000o\000n\000\040\000d\000e\000\040\000l\000a\000\040\000p\000a\000r\000t\000i\000e}{section.0.2}% 12
\BOOKMARK [1][-]{section*.8}{\376\377\000I\000n\000t\000r\000o\000d\000u\000c\000t\000i\000o\000n\000\040\000r\000\351\000a\000l\000i\000s\000a\000t\000i\000o\000n}{}% 13
\BOOKMARK [1][-]{section.0.3}{\376\377\000I\000m\000p\000l\000\351\000m\000e\000n\000t\000a\000t\000i\000o\000n}{}% 14
\BOOKMARK [2][-]{subsection.0.3.1}{\376\377\000M\000\351\000t\000h\000o\000d\000o\000l\000o\000g\000i\000e}{section.0.3}% 15
\BOOKMARK [2][-]{subsection.0.3.2}{\376\377\000J\000e\000u\000x\000\040\000d\000e\000\040\000d\000o\000n\000n\000\351\000e\000s\000\040\000u\000t\000i\000l\000i\000s\000\351\000s}{section.0.3}% 16
\BOOKMARK [2][-]{subsection.0.3.3}{\376\377\000F\000o\000n\000c\000t\000i\000o\000n\000n\000e\000m\000e\000n\000t\000\040\000d\000u\000\040\000p\000r\000o\000g\000r\000a\000m\000m\000e}{section.0.3}% 17
\BOOKMARK [2][-]{subsection.0.3.4}{\376\377\000E\000x\000p\000\351\000r\000i\000m\000e\000n\000t\000a\000t\000i\000o\000n}{section.0.3}% 18
\BOOKMARK [1][-]{section.0.4}{\376\377\000A\000n\000a\000l\000y\000s\000e\000\040\000d\000e\000s\000\040\000r\000\351\000s\000u\000l\000t\000a\000t\000s}{}% 19
\BOOKMARK [2][-]{subsection.0.4.1}{\376\377\000L\000'\000i\000n\000d\000e\000x\000\040\000d\000e\000\040\000C\000z\000e\000k\000a\000n\000o\000w\000s\000k\000i\000\040\000D\000i\000c\000e}{section.0.4}% 20
\BOOKMARK [2][-]{subsection.0.4.2}{\376\377\000L\000'\000i\000n\000d\000e\000x\000\040\000d\000e\000\040\000F\000o\000l\000k\000e\000s\000\040\000M\000a\000l\000l\000o\000w}{section.0.4}% 21
\BOOKMARK [2][-]{subsection.0.4.3}{\376\377\000L\000'\000i\000n\000d\000e\000x\000\040\000d\000e\000\040\000H\000u\000b\000e\000r\000t}{section.0.4}% 22
\BOOKMARK [2][-]{subsection.0.4.4}{\376\377\000L\000'\000i\000n\000d\000e\000x\000\040\000d\000e\000\040\000J\000a\000c\000c\000a\000r\000d}{section.0.4}% 23
\BOOKMARK [2][-]{subsection.0.4.5}{\376\377\000L\000'\000i\000n\000d\000e\000x\000\040\000d\000e\000\040\000K\000u\000l\000c\000z\000y\000n\000s\000k\000i}{section.0.4}% 24
\BOOKMARK [2][-]{subsection.0.4.6}{\376\377\000L\000'\000i\000n\000d\000e\000x\000\040\000d\000e\000\040\000M\000c\000N\000e\000m\000a\000r}{section.0.4}% 25
\BOOKMARK [2][-]{subsection.0.4.7}{\376\377\000L\000'\000i\000n\000d\000e\000x\000\040\000d\000e\000\040\000J\000a\000c\000c\000a\000r\000d}{section.0.4}% 26
\BOOKMARK [2][-]{subsection.0.4.8}{\376\377\000L\000'\000i\000n\000d\000e\000x\000\040\000P\000r\000\351\000c\000i\000s\000i\000o\000n}{section.0.4}% 27
\BOOKMARK [2][-]{subsection.0.4.9}{\376\377\000L\000'\000i\000n\000d\000e\000x\000\040\000R\000a\000n\000d}{section.0.4}% 28
\BOOKMARK [2][-]{subsection.0.4.10}{\376\377\000L\000'\000i\000n\000d\000e\000x\000\040\000R\000e\000c\000a\000l\000l}{section.0.4}% 29
\BOOKMARK [2][-]{subsection.0.4.11}{\376\377\000L\000'\000i\000n\000d\000e\000x\000\040\000R\000o\000g\000e\000r\000s\000\040\000T\000a\000n\000i\000m\000o\000t\000o}{section.0.4}% 30
\BOOKMARK [2][-]{subsection.0.4.12}{\376\377\000L\000'\000i\000n\000d\000e\000x\000\040\000R\000u\000s\000s\000e\000l\000\040\000R\000a\000o}{section.0.4}% 31
\BOOKMARK [2][-]{subsection.0.4.13}{\376\377\000L\000e\000s\000\040\000i\000n\000d\000e\000x\000\040\000S\000o\000k\000a\000l\000\040\000S\000n\000e\000a\000t\000h}{section.0.4}% 32
\BOOKMARK [2][-]{subsection.0.4.14}{\376\377\000I\000n\000t\000e\000r\000p\000r\000\351\000t\000a\000t\000i\000o\000n\000\040\000d\000e\000s\000\040\000r\000\351\000s\000u\000l\000t\000a\000t\000s}{section.0.4}% 33
\BOOKMARK [1][-]{section.0.5}{\376\377\000C\000o\000n\000c\000l\000u\000s\000i\000o\000n}{}% 34
